<?xml version="1.0" encoding="UTF-8"?>
<!-- Generated by org.testng.reporters.JUnitReportReporter -->
<testsuite skipped="0" hostname="DESKTOP-IKJIU4R" name="com.relayr.restapi.Relayr" tests="3" failures="0" timestamp="19 Jul 2019 18:13:57 GMT" time="8.029" errors="0">
  <testcase name="Employee3" time="2.067" classname="com.relayr.restapi.Relayr"/>
  <testcase name="Employee2" time="2.078" classname="com.relayr.restapi.Relayr"/>
  <testcase name="Employee1" time="3.884" classname="com.relayr.restapi.Relayr"/>
</testsuite> <!-- com.relayr.restapi.Relayr -->
