<?xml version="1.0" encoding="UTF-8"?>
<!-- Generated by org.testng.reporters.JUnitReportReporter -->
<testsuite skipped="0" hostname="DESKTOP-IKJIU4R" name="com.wundermobility.restapi.Employee_test" tests="3" failures="0" timestamp="27 Jun 2019 13:02:46 GMT" time="9.242" errors="0">
  <testcase name="Employee2" time="3.011" classname="com.wundermobility.restapi.Employee_test"/>
  <testcase name="Employee" time="3.992" classname="com.wundermobility.restapi.Employee_test"/>
  <testcase name="Employee1" time="2.239" classname="com.wundermobility.restapi.Employee_test"/>
</testsuite> <!-- com.wundermobility.restapi.Employee_test -->
